
TURN: 1
It's player X's turn
-------------
|   |   |   |
-------------
| X |   |   |
-------------
|   |   |   |
-------------

TURN: 2
It's player O's turn
-------------
|   | O |   |
-------------
| X |   |   |
-------------
|   |   |   |
-------------

TURN: 3
It's player X's turn
-------------
|   | O |   |
-------------
| X |   |   |
-------------
|   |   | X |
-------------

TURN: 4
It's player O's turn
-------------
|   | O |   |
-------------
| X |   |   |
-------------
|   | O | X |
-------------

TURN: 5
It's player X's turn
-------------
|   | O |   |
-------------
| X |   |   |
-------------
| X | O | X |
-------------

TURN: 6
It's player O's turn
-------------
|   | O | O |
-------------
| X |   |   |
-------------
| X | O | X |
-------------

TURN: 7
It's player X's turn
-------------
| X | O | O |
-------------
| X |   |   |
-------------
| X | O | X |
-------------
GAME ENDS AFTER 7 TURNS!
WINNER: X
